<?xml version="1.0" encoding="UTF-8"?>
<!-- Generated by org.testng.reporters.JUnitXMLReporter -->
<testsuite hostname="Tulsi-PC" name="Default test" tests="3" failures="0" timestamp="14 Jun 2018 06:18:32 GMT" time="0.151" errors="0">
  <testcase name="@BeforeTest varify_launch" time="0.0" classname="com.ranFordBank.RanFordBank.TestExecution">
    <failure type="org.testng.TestNGException" message="
Parameter &amp;apos;browser&amp;apos; is required by @Configuration on method varify_launch but has not been marked @Optional or defined
in C:\Users\Tulsi\AppData\Local\Temp\testng-eclipse-215690896\testng-customsuite.xml">
      <![CDATA[org.testng.TestNGException: 
Parameter 'browser' is required by @Configuration on method varify_launch but has not been marked @Optional or defined
in C:\Users\Tulsi\AppData\Local\Temp\testng-eclipse-215690896\testng-customsuite.xml
	at org.testng.internal.Parameters.createParameters(Parameters.java:154)
	at org.testng.internal.Parameters.createParameters(Parameters.java:361)
	at org.testng.internal.Parameters.createConfigurationParameters(Parameters.java:84)
	at org.testng.internal.Invoker.invokeConfigurations(Invoker.java:197)
	at org.testng.internal.Invoker.invokeConfigurations(Invoker.java:138)
	at org.testng.TestRunner.beforeRun(TestRunner.java:648)
	at org.testng.TestRunner.run(TestRunner.java:616)
	at org.testng.SuiteRunner.runTest(SuiteRunner.java:359)
	at org.testng.SuiteRunner.runSequentially(SuiteRunner.java:354)
	at org.testng.SuiteRunner.privateRun(SuiteRunner.java:312)
	at org.testng.SuiteRunner.run(SuiteRunner.java:261)
	at org.testng.SuiteRunnerWorker.runSuite(SuiteRunnerWorker.java:52)
	at org.testng.SuiteRunnerWorker.run(SuiteRunnerWorker.java:86)
	at org.testng.TestNG.runSuitesSequentially(TestNG.java:1215)
	at org.testng.TestNG.runSuitesLocally(TestNG.java:1140)
	at org.testng.TestNG.run(TestNG.java:1048)
	at org.testng.remote.AbstractRemoteTestNG.run(AbstractRemoteTestNG.java:114)
	at org.testng.remote.RemoteTestNG.initAndRun(RemoteTestNG.java:251)
	at org.testng.remote.RemoteTestNG.main(RemoteTestNG.java:77)
]]>
    </failure>
  </testcase> <!-- @BeforeTest varify_launch -->
  <testcase name="@AfterTest closeApplication" time="0.0" classname="com.ranFordBank.RanFordBank.TestExecution">
    <skipped/>
  </testcase> <!-- @AfterTest closeApplication -->
  <testcase name="verify_Login" time="0.0" classname="com.ranFordBank.RanFordBank.TestExecution">
    <skipped/>
  </testcase> <!-- verify_Login -->
  <testcase name="varify_excelcontent" time="0.0" classname="com.ranFordBank.RanFordBank.TestExecution">
    <skipped/>
  </testcase> <!-- varify_excelcontent -->
  <testcase name="varify_NewRole" time="0.0" classname="com.ranFordBank.RanFordBank.TestExecution">
    <skipped/>
  </testcase> <!-- varify_NewRole -->
</testsuite> <!-- Default test -->
